<?xml version="1.0" encoding="UTF-8"?>
<testsuites name="jest tests" tests="1" failures="1" errors="0" time="0.361">
  <testsuite name="Pact Provider Verification" errors="0" failures="1" skipped="0" timestamp="2025-05-19T22:15:02" time="0.343" tests="1">
    <testcase classname="Pact Provider Verification validates the expectations of the consumer" name="Pact Provider Verification validates the expectations of the consumer" time="0.026">
      <failure>Error: Verfication failed
    at /home/stijn/developer/personal/contract-testing/queue/consumer/node_modules/@pact-foundation/pact-core/src/verifier/nativeVerifier.ts:52:20</failure>
    </testcase>
  </testsuite>
</testsuites>