<?xml version="1.0" encoding="UTF-8"?>
<testsuites name="jest tests" tests="1" failures="1" errors="0" time="1.765">
  <testsuite name="Pact Provider Verification" errors="0" failures="1" skipped="0" timestamp="2025-05-21T09:39:42" time="1.739" tests="1">
    <testcase classname="Pact Provider Verification validates the expectations of the consumer" name="Pact Provider Verification validates the expectations of the consumer" time="0.452">
      <failure>Error: Verfication failed
    at /Users/stijn/developer/personal/contract-testing/http/provider/node_modules/@pact-foundation/pact-core/src/verifier/nativeVerifier.ts:52:20</failure>
    </testcase>
  </testsuite>
</testsuites>